2026-01-29 09:37:14.513 | INFO | base_spider.py:100 - 配置加载成功，时间: 2026-01-29 09:37:14
2026-01-29 09:37:14.513 | INFO | base_spider.py:128 - 配置自动刷新定时器已启动，间隔: 60秒
2026-01-29 09:38:47.299 | INFO | base_spider.py:100 - 配置加载成功，时间: 2026-01-29 09:38:47
2026-01-29 09:38:47.300 | INFO | base_spider.py:128 - 配置自动刷新定时器已启动，间隔: 60秒
2026-01-29 09:39:09.589 | INFO | spider.py:170 - 
========== 开始爬取公司 1391758803 的对外投资信息 ==========
2026-01-29 09:39:09.591 | INFO | spider.py:94 - 正在爬取公司 1391758803 的第 1 页投资信息...
2026-01-29 09:39:10.301 | INFO | spider.py:110 - 成功获取第 1 页数据
2026-01-29 09:39:15.401 | INFO | spider.py:219 - 第 1 页获取 29 条记录，总共 29 条
2026-01-29 09:39:15.401 | INFO | spider.py:223 - 所有 29 条记录已获取完毕
2026-01-29 09:39:19.665 | INFO | spider.py:257 - 本次爬取完成，发现 29 家被投资公司
2026-01-29 09:40:20.492 | INFO | base_spider.py:100 - 配置加载成功，时间: 2026-01-29 09:40:20
2026-01-29 09:40:20.492 | INFO | base_spider.py:128 - 配置自动刷新定时器已启动，间隔: 60秒
2026-01-29 09:40:27.658 | INFO | spider.py:170 - 
========== 开始爬取公司 1391758803 的对外投资信息 ==========
2026-01-29 09:40:27.660 | INFO | spider.py:94 - 正在爬取公司 1391758803 的第 1 页投资信息...
2026-01-29 09:40:28.324 | INFO | spider.py:110 - 成功获取第 1 页数据
2026-01-29 09:40:28.335 | INFO | spider.py:219 - 第 1 页获取 29 条记录，总共 29 条
2026-01-29 09:40:28.335 | INFO | spider.py:223 - 所有 29 条记录已获取完毕
2026-01-29 09:40:28.335 | INFO | spider.py:257 - 本次爬取完成，发现 29 家被投资公司
2026-01-29 09:40:28.335 | INFO | spider.py:167 - 数据文件 D:\work\financeKG_spider\tyc\../data/tyc_data/investments_1391758803.json 已存在，跳过爬取
2026-01-29 09:40:28.336 | INFO | spider.py:245 - Session 已关闭，资源已释放
2026-01-29 09:40:39.834 | INFO | base_spider.py:100 - 配置加载成功，时间: 2026-01-29 09:40:39
2026-01-29 09:40:39.834 | INFO | base_spider.py:128 - 配置自动刷新定时器已启动，间隔: 60秒
2026-01-29 09:40:39.834 | INFO | spider.py:167 - 数据文件 D:\work\financeKG_spider\tyc\../data/tyc_data/investments_1391758803.json 已存在，跳过爬取
2026-01-29 09:41:01.091 | INFO | base_spider.py:100 - 配置加载成功，时间: 2026-01-29 09:41:01
2026-01-29 09:41:01.091 | INFO | base_spider.py:128 - 配置自动刷新定时器已启动，间隔: 60秒
2026-01-29 09:41:01.091 | INFO | spider.py:170 - 
========== 开始爬取公司 1391758803 的对外投资信息 ==========
2026-01-29 09:41:01.091 | INFO | spider.py:94 - 正在爬取公司 1391758803 的第 1 页投资信息...
2026-01-29 09:41:03.167 | INFO | spider.py:110 - 成功获取第 1 页数据
2026-01-29 09:41:03.174 | INFO | spider.py:219 - 第 1 页获取 29 条记录，总共 29 条
2026-01-29 09:41:03.174 | INFO | spider.py:223 - 所有 29 条记录已获取完毕
2026-01-29 09:41:06.357 | INFO | spider.py:257 - 本次爬取完成，发现 29 家被投资公司
2026-01-29 09:42:25.298 | INFO | base_spider.py:100 - 配置加载成功，时间: 2026-01-29 09:42:25
2026-01-29 09:42:25.299 | INFO | base_spider.py:128 - 配置自动刷新定时器已启动，间隔: 60秒
2026-01-29 09:42:25.300 | INFO | spider.py:170 - 
========== 开始爬取公司 1391758803 的对外投资信息 ==========
2026-01-29 09:42:25.300 | INFO | spider.py:94 - 正在爬取公司 1391758803 的第 1 页投资信息...
2026-01-29 09:42:26.022 | INFO | spider.py:110 - 成功获取第 1 页数据
2026-01-29 09:42:26.038 | INFO | spider.py:219 - 第 1 页获取 29 条记录，总共 29 条
2026-01-29 09:42:26.038 | INFO | spider.py:223 - 所有 29 条记录已获取完毕
2026-01-29 09:42:26.038 | INFO | spider.py:258 - 本次爬取完成，发现 29 家被投资公司
2026-01-29 09:42:26.038 | INFO | spider.py:170 - 
========== 开始爬取公司 6341472128 的对外投资信息 ==========
2026-01-29 09:42:26.038 | INFO | spider.py:94 - 正在爬取公司 6341472128 的第 1 页投资信息...
2026-01-29 09:42:26.144 | INFO | spider.py:110 - 成功获取第 1 页数据
2026-01-29 09:42:26.145 | INFO | spider.py:219 - 第 1 页获取 0 条记录，总共 0 条
2026-01-29 09:42:26.145 | INFO | spider.py:223 - 所有 0 条记录已获取完毕
2026-01-29 09:42:26.145 | INFO | spider.py:258 - 本次爬取完成，发现 0 家被投资公司
2026-01-29 09:42:26.145 | INFO | spider.py:170 - 
========== 开始爬取公司 5346975873 的对外投资信息 ==========
2026-01-29 09:42:26.146 | INFO | spider.py:94 - 正在爬取公司 5346975873 的第 1 页投资信息...
2026-01-29 09:42:26.253 | INFO | spider.py:110 - 成功获取第 1 页数据
2026-01-29 09:42:26.254 | INFO | spider.py:219 - 第 1 页获取 0 条记录，总共 0 条
2026-01-29 09:42:26.254 | INFO | spider.py:223 - 所有 0 条记录已获取完毕
2026-01-29 09:42:26.254 | INFO | spider.py:258 - 本次爬取完成，发现 0 家被投资公司
2026-01-29 09:42:26.255 | INFO | spider.py:170 - 
========== 开始爬取公司 5946096003 的对外投资信息 ==========
2026-01-29 09:42:26.255 | INFO | spider.py:94 - 正在爬取公司 5946096003 的第 1 页投资信息...
2026-01-29 09:42:26.374 | INFO | spider.py:110 - 成功获取第 1 页数据
2026-01-29 09:42:26.374 | INFO | spider.py:219 - 第 1 页获取 0 条记录，总共 0 条
2026-01-29 09:42:26.374 | INFO | spider.py:223 - 所有 0 条记录已获取完毕
2026-01-29 09:42:26.374 | INFO | spider.py:258 - 本次爬取完成，发现 0 家被投资公司
2026-01-29 09:42:26.374 | INFO | spider.py:170 - 
========== 开始爬取公司 2358011907 的对外投资信息 ==========
2026-01-29 09:42:26.375 | INFO | spider.py:94 - 正在爬取公司 2358011907 的第 1 页投资信息...
2026-01-29 09:42:26.856 | INFO | spider.py:110 - 成功获取第 1 页数据
2026-01-29 09:42:26.862 | INFO | spider.py:219 - 第 1 页获取 22 条记录，总共 22 条
2026-01-29 09:42:26.862 | INFO | spider.py:223 - 所有 22 条记录已获取完毕
2026-01-29 09:42:26.862 | INFO | spider.py:258 - 本次爬取完成，发现 22 家被投资公司
2026-01-29 09:42:26.862 | INFO | spider.py:170 - 
========== 开始爬取公司 6222791445 的对外投资信息 ==========
2026-01-29 09:42:26.862 | INFO | spider.py:94 - 正在爬取公司 6222791445 的第 1 页投资信息...
2026-01-29 09:42:26.975 | INFO | spider.py:110 - 成功获取第 1 页数据
2026-01-29 09:42:26.975 | INFO | spider.py:219 - 第 1 页获取 0 条记录，总共 0 条
2026-01-29 09:42:26.976 | INFO | spider.py:223 - 所有 0 条记录已获取完毕
2026-01-29 09:42:26.976 | INFO | spider.py:258 - 本次爬取完成，发现 0 家被投资公司
2026-01-29 09:42:26.976 | INFO | spider.py:170 - 
========== 开始爬取公司 5785962268 的对外投资信息 ==========
2026-01-29 09:42:26.976 | INFO | spider.py:94 - 正在爬取公司 5785962268 的第 1 页投资信息...
2026-01-29 09:42:27.079 | INFO | spider.py:110 - 成功获取第 1 页数据
2026-01-29 09:42:27.079 | INFO | spider.py:219 - 第 1 页获取 0 条记录，总共 0 条
2026-01-29 09:42:27.079 | INFO | spider.py:223 - 所有 0 条记录已获取完毕
2026-01-29 09:42:27.079 | INFO | spider.py:258 - 本次爬取完成，发现 0 家被投资公司
2026-01-29 09:42:27.079 | INFO | spider.py:170 - 
========== 开始爬取公司 6171355551 的对外投资信息 ==========
2026-01-29 09:42:27.079 | INFO | spider.py:94 - 正在爬取公司 6171355551 的第 1 页投资信息...
2026-01-29 09:42:27.225 | INFO | spider.py:110 - 成功获取第 1 页数据
2026-01-29 09:42:27.240 | INFO | spider.py:219 - 第 1 页获取 0 条记录，总共 0 条
2026-01-29 09:42:27.240 | INFO | spider.py:223 - 所有 0 条记录已获取完毕
2026-01-29 09:42:27.240 | INFO | spider.py:258 - 本次爬取完成，发现 0 家被投资公司
2026-01-29 09:42:27.240 | INFO | spider.py:170 - 
========== 开始爬取公司 6456601505 的对外投资信息 ==========
2026-01-29 09:42:27.240 | INFO | spider.py:94 - 正在爬取公司 6456601505 的第 1 页投资信息...
2026-01-29 09:42:27.570 | INFO | spider.py:110 - 成功获取第 1 页数据
2026-01-29 09:42:27.576 | INFO | spider.py:219 - 第 1 页获取 7 条记录，总共 7 条
2026-01-29 09:42:27.576 | INFO | spider.py:223 - 所有 7 条记录已获取完毕
2026-01-29 09:42:27.576 | INFO | spider.py:258 - 本次爬取完成，发现 7 家被投资公司
2026-01-29 09:42:27.576 | INFO | spider.py:170 - 
========== 开始爬取公司 5750545192 的对外投资信息 ==========
2026-01-29 09:42:27.576 | INFO | spider.py:94 - 正在爬取公司 5750545192 的第 1 页投资信息...
2026-01-29 09:42:27.683 | INFO | spider.py:110 - 成功获取第 1 页数据
2026-01-29 09:42:27.683 | INFO | spider.py:219 - 第 1 页获取 0 条记录，总共 0 条
2026-01-29 09:42:27.683 | INFO | spider.py:223 - 所有 0 条记录已获取完毕
2026-01-29 09:42:27.683 | INFO | spider.py:258 - 本次爬取完成，发现 0 家被投资公司
2026-01-29 09:42:27.683 | INFO | spider.py:170 - 
========== 开始爬取公司 6226829247 的对外投资信息 ==========
2026-01-29 09:42:27.683 | INFO | spider.py:94 - 正在爬取公司 6226829247 的第 1 页投资信息...
2026-01-29 09:42:27.785 | INFO | spider.py:110 - 成功获取第 1 页数据
2026-01-29 09:42:27.786 | INFO | spider.py:219 - 第 1 页获取 0 条记录，总共 0 条
2026-01-29 09:42:27.786 | INFO | spider.py:223 - 所有 0 条记录已获取完毕
2026-01-29 09:42:27.786 | INFO | spider.py:258 - 本次爬取完成，发现 0 家被投资公司
2026-01-29 09:42:27.786 | INFO | spider.py:170 - 
========== 开始爬取公司 5575920066 的对外投资信息 ==========
2026-01-29 09:42:27.786 | INFO | spider.py:94 - 正在爬取公司 5575920066 的第 1 页投资信息...
2026-01-29 09:42:27.884 | INFO | spider.py:110 - 成功获取第 1 页数据
2026-01-29 09:42:27.884 | INFO | spider.py:219 - 第 1 页获取 0 条记录，总共 0 条
2026-01-29 09:42:27.884 | INFO | spider.py:223 - 所有 0 条记录已获取完毕
2026-01-29 09:42:27.884 | INFO | spider.py:258 - 本次爬取完成，发现 0 家被投资公司
2026-01-29 09:42:27.884 | INFO | spider.py:170 - 
========== 开始爬取公司 6659245506 的对外投资信息 ==========
2026-01-29 09:42:27.884 | INFO | spider.py:94 - 正在爬取公司 6659245506 的第 1 页投资信息...
2026-01-29 09:42:27.989 | INFO | spider.py:110 - 成功获取第 1 页数据
2026-01-29 09:42:27.990 | INFO | spider.py:219 - 第 1 页获取 0 条记录，总共 0 条
2026-01-29 09:42:27.990 | INFO | spider.py:223 - 所有 0 条记录已获取完毕
2026-01-29 09:42:27.991 | INFO | spider.py:258 - 本次爬取完成，发现 0 家被投资公司
2026-01-29 09:42:27.991 | INFO | spider.py:170 - 
========== 开始爬取公司 6665700036 的对外投资信息 ==========
2026-01-29 09:42:27.991 | INFO | spider.py:94 - 正在爬取公司 6665700036 的第 1 页投资信息...
2026-01-29 09:42:28.213 | INFO | spider.py:110 - 成功获取第 1 页数据
2026-01-29 09:42:28.215 | INFO | spider.py:219 - 第 1 页获取 1 条记录，总共 1 条
2026-01-29 09:42:28.215 | INFO | spider.py:223 - 所有 1 条记录已获取完毕
2026-01-29 09:42:28.215 | INFO | spider.py:258 - 本次爬取完成，发现 1 家被投资公司
2026-01-29 09:42:28.215 | INFO | spider.py:170 - 
========== 开始爬取公司 6237814216 的对外投资信息 ==========
2026-01-29 09:42:28.216 | INFO | spider.py:94 - 正在爬取公司 6237814216 的第 1 页投资信息...
2026-01-29 09:42:28.316 | INFO | spider.py:110 - 成功获取第 1 页数据
2026-01-29 09:42:28.317 | INFO | spider.py:219 - 第 1 页获取 0 条记录，总共 0 条
2026-01-29 09:42:28.317 | INFO | spider.py:223 - 所有 0 条记录已获取完毕
2026-01-29 09:42:28.317 | INFO | spider.py:258 - 本次爬取完成，发现 0 家被投资公司
2026-01-29 09:42:28.318 | INFO | spider.py:170 - 
========== 开始爬取公司 5902174537 的对外投资信息 ==========
2026-01-29 09:42:28.318 | INFO | spider.py:94 - 正在爬取公司 5902174537 的第 1 页投资信息...
2026-01-29 09:42:28.424 | INFO | spider.py:110 - 成功获取第 1 页数据
2026-01-29 09:42:28.433 | INFO | spider.py:219 - 第 1 页获取 0 条记录，总共 0 条
2026-01-29 09:42:28.433 | INFO | spider.py:223 - 所有 0 条记录已获取完毕
2026-01-29 09:42:28.434 | INFO | spider.py:258 - 本次爬取完成，发现 0 家被投资公司
2026-01-29 09:42:28.434 | INFO | spider.py:170 - 
========== 开始爬取公司 6177972041 的对外投资信息 ==========
2026-01-29 09:42:28.434 | INFO | spider.py:94 - 正在爬取公司 6177972041 的第 1 页投资信息...
2026-01-29 09:42:28.558 | INFO | spider.py:110 - 成功获取第 1 页数据
2026-01-29 09:42:28.559 | INFO | spider.py:219 - 第 1 页获取 0 条记录，总共 0 条
2026-01-29 09:42:28.559 | INFO | spider.py:223 - 所有 0 条记录已获取完毕
2026-01-29 09:42:28.559 | INFO | spider.py:258 - 本次爬取完成，发现 0 家被投资公司
2026-01-29 09:42:28.560 | INFO | spider.py:170 - 
========== 开始爬取公司 6139798348 的对外投资信息 ==========
2026-01-29 09:42:28.560 | INFO | spider.py:94 - 正在爬取公司 6139798348 的第 1 页投资信息...
2026-01-29 09:42:28.660 | INFO | spider.py:110 - 成功获取第 1 页数据
2026-01-29 09:42:28.662 | INFO | spider.py:219 - 第 1 页获取 0 条记录，总共 0 条
2026-01-29 09:42:28.662 | INFO | spider.py:223 - 所有 0 条记录已获取完毕
2026-01-29 09:42:28.662 | INFO | spider.py:258 - 本次爬取完成，发现 0 家被投资公司
2026-01-29 09:42:28.663 | INFO | spider.py:170 - 
========== 开始爬取公司 6849087442 的对外投资信息 ==========
2026-01-29 09:42:28.663 | INFO | spider.py:94 - 正在爬取公司 6849087442 的第 1 页投资信息...
2026-01-29 09:42:28.765 | INFO | spider.py:110 - 成功获取第 1 页数据
2026-01-29 09:42:28.765 | INFO | spider.py:219 - 第 1 页获取 0 条记录，总共 0 条
2026-01-29 09:42:28.766 | INFO | spider.py:223 - 所有 0 条记录已获取完毕
2026-01-29 09:42:28.766 | INFO | spider.py:258 - 本次爬取完成，发现 0 家被投资公司
2026-01-29 09:42:28.766 | INFO | spider.py:170 - 
========== 开始爬取公司 6206544981 的对外投资信息 ==========
2026-01-29 09:42:28.766 | INFO | spider.py:94 - 正在爬取公司 6206544981 的第 1 页投资信息...
2026-01-29 09:42:28.864 | INFO | spider.py:110 - 成功获取第 1 页数据
2026-01-29 09:42:28.871 | INFO | spider.py:219 - 第 1 页获取 0 条记录，总共 0 条
2026-01-29 09:42:28.872 | INFO | spider.py:223 - 所有 0 条记录已获取完毕
2026-01-29 09:42:28.872 | INFO | spider.py:258 - 本次爬取完成，发现 0 家被投资公司
2026-01-29 09:42:28.872 | INFO | spider.py:170 - 
========== 开始爬取公司 5944243032 的对外投资信息 ==========
2026-01-29 09:42:28.874 | INFO | spider.py:94 - 正在爬取公司 5944243032 的第 1 页投资信息...
2026-01-29 09:42:28.975 | INFO | spider.py:110 - 成功获取第 1 页数据
2026-01-29 09:42:28.975 | INFO | spider.py:219 - 第 1 页获取 0 条记录，总共 0 条
2026-01-29 09:42:28.976 | INFO | spider.py:223 - 所有 0 条记录已获取完毕
2026-01-29 09:42:28.976 | INFO | spider.py:258 - 本次爬取完成，发现 0 家被投资公司
2026-01-29 09:42:28.976 | INFO | spider.py:170 - 
========== 开始爬取公司 5312822746 的对外投资信息 ==========
2026-01-29 09:42:28.976 | INFO | spider.py:94 - 正在爬取公司 5312822746 的第 1 页投资信息...
2026-01-29 09:42:29.078 | INFO | spider.py:110 - 成功获取第 1 页数据
2026-01-29 09:42:29.078 | INFO | spider.py:219 - 第 1 页获取 0 条记录，总共 0 条
2026-01-29 09:42:29.078 | INFO | spider.py:223 - 所有 0 条记录已获取完毕
2026-01-29 09:42:29.078 | INFO | spider.py:258 - 本次爬取完成，发现 0 家被投资公司
2026-01-29 09:42:29.078 | INFO | spider.py:170 - 
========== 开始爬取公司 5898268763 的对外投资信息 ==========
2026-01-29 09:42:29.078 | INFO | spider.py:94 - 正在爬取公司 5898268763 的第 1 页投资信息...
2026-01-29 09:42:29.174 | INFO | spider.py:110 - 成功获取第 1 页数据
2026-01-29 09:42:29.181 | INFO | spider.py:219 - 第 1 页获取 0 条记录，总共 0 条
2026-01-29 09:42:29.181 | INFO | spider.py:223 - 所有 0 条记录已获取完毕
2026-01-29 09:42:29.181 | INFO | spider.py:258 - 本次爬取完成，发现 0 家被投资公司
2026-01-29 09:42:29.182 | INFO | spider.py:170 - 
========== 开始爬取公司 5344641243 的对外投资信息 ==========
2026-01-29 09:42:29.182 | INFO | spider.py:94 - 正在爬取公司 5344641243 的第 1 页投资信息...
2026-01-29 09:42:29.282 | INFO | spider.py:110 - 成功获取第 1 页数据
2026-01-29 09:42:29.283 | INFO | spider.py:219 - 第 1 页获取 0 条记录，总共 0 条
2026-01-29 09:42:29.283 | INFO | spider.py:223 - 所有 0 条记录已获取完毕
2026-01-29 09:42:29.283 | INFO | spider.py:258 - 本次爬取完成，发现 0 家被投资公司
2026-01-29 09:42:29.284 | INFO | spider.py:170 - 
========== 开始爬取公司 5048650846 的对外投资信息 ==========
2026-01-29 09:42:29.284 | INFO | spider.py:94 - 正在爬取公司 5048650846 的第 1 页投资信息...
2026-01-29 09:42:29.509 | INFO | spider.py:110 - 成功获取第 1 页数据
2026-01-29 09:42:29.512 | INFO | spider.py:219 - 第 1 页获取 1 条记录，总共 1 条
2026-01-29 09:42:29.512 | INFO | spider.py:223 - 所有 1 条记录已获取完毕
2026-01-29 09:42:29.512 | INFO | spider.py:258 - 本次爬取完成，发现 1 家被投资公司
2026-01-29 09:42:29.512 | INFO | spider.py:170 - 
========== 开始爬取公司 6012019942 的对外投资信息 ==========
2026-01-29 09:42:29.513 | INFO | spider.py:94 - 正在爬取公司 6012019942 的第 1 页投资信息...
2026-01-29 09:42:29.750 | INFO | spider.py:110 - 成功获取第 1 页数据
2026-01-29 09:42:29.755 | INFO | spider.py:219 - 第 1 页获取 2 条记录，总共 2 条
2026-01-29 09:42:29.755 | INFO | spider.py:223 - 所有 2 条记录已获取完毕
2026-01-29 09:42:29.755 | INFO | spider.py:258 - 本次爬取完成，发现 2 家被投资公司
2026-01-29 09:42:29.755 | INFO | spider.py:170 - 
========== 开始爬取公司 5748539889 的对外投资信息 ==========
2026-01-29 09:42:29.755 | INFO | spider.py:94 - 正在爬取公司 5748539889 的第 1 页投资信息...
2026-01-29 09:42:29.859 | INFO | spider.py:110 - 成功获取第 1 页数据
2026-01-29 09:42:29.859 | INFO | spider.py:219 - 第 1 页获取 0 条记录，总共 0 条
2026-01-29 09:42:29.859 | INFO | spider.py:223 - 所有 0 条记录已获取完毕
2026-01-29 09:42:29.859 | INFO | spider.py:258 - 本次爬取完成，发现 0 家被投资公司
2026-01-29 09:42:29.859 | INFO | spider.py:170 - 
========== 开始爬取公司 5751833589 的对外投资信息 ==========
2026-01-29 09:42:29.859 | INFO | spider.py:94 - 正在爬取公司 5751833589 的第 1 页投资信息...
2026-01-29 09:42:30.094 | INFO | spider.py:110 - 成功获取第 1 页数据
2026-01-29 09:42:30.095 | INFO | spider.py:219 - 第 1 页获取 1 条记录，总共 1 条
2026-01-29 09:42:30.095 | INFO | spider.py:223 - 所有 1 条记录已获取完毕
2026-01-29 09:42:30.095 | INFO | spider.py:258 - 本次爬取完成，发现 1 家被投资公司
2026-01-29 09:42:30.095 | INFO | spider.py:170 - 
========== 开始爬取公司 6843451769 的对外投资信息 ==========
2026-01-29 09:42:30.095 | INFO | spider.py:94 - 正在爬取公司 6843451769 的第 1 页投资信息...
2026-01-29 09:42:30.206 | INFO | spider.py:110 - 成功获取第 1 页数据
2026-01-29 09:42:30.207 | INFO | spider.py:219 - 第 1 页获取 0 条记录，总共 0 条
2026-01-29 09:42:30.207 | INFO | spider.py:223 - 所有 0 条记录已获取完毕
2026-01-29 09:42:30.207 | INFO | spider.py:258 - 本次爬取完成，发现 0 家被投资公司
2026-01-29 09:42:30.207 | INFO | spider.py:170 - 
========== 开始爬取公司 7874123774 的对外投资信息 ==========
2026-01-29 09:42:30.207 | INFO | spider.py:94 - 正在爬取公司 7874123774 的第 1 页投资信息...
2026-01-29 09:42:30.326 | INFO | spider.py:110 - 成功获取第 1 页数据
2026-01-29 09:42:30.326 | INFO | spider.py:219 - 第 1 页获取 0 条记录，总共 0 条
2026-01-29 09:42:30.326 | INFO | spider.py:223 - 所有 0 条记录已获取完毕
2026-01-29 09:42:30.326 | INFO | spider.py:258 - 本次爬取完成，发现 0 家被投资公司
